<?xml version="1.0" encoding="UTF-8"?>
<!-- Generated by org.testng.reporters.JUnitXMLReporter -->
<testsuite hostname="DESKTOP-22LNSHB" name="SequenceTest" tests="6" failures="0" timestamp="5 Jun 2019 11:21:50 GMT" time="0.067" errors="0">
  <testcase name="test1" time="0.025" classname="com.SequenceTest"/>
  <testcase name="test3" time="0.002" classname="com.SequenceTest"/>
  <testcase name="test2" time="0.004" classname="com.SequenceTest"/>
  <testcase name="test4" time="0.002" classname="com.SequenceTest"/>
  <testcase name="test5" time="0.002" classname="com.SequenceTest"/>
  <testcase name="test5" time="0.001" classname="com.SequenceTest">
    <skipped/>
  </testcase> <!-- test5 -->
</testsuite> <!-- SequenceTest -->
