<?xml version="1.0" encoding="UTF-8"?>
<testng-results skipped="0" failed="0" total="1" passed="1">
  <reporter-output>
  </reporter-output>
  <suite name="Suite" duration-ms="144" started-at="2019-07-04T08:07:01Z" finished-at="2019-07-04T08:07:01Z">
    <groups>
    </groups>
    <test name="Test01" duration-ms="144" started-at="2019-07-04T08:07:01Z" finished-at="2019-07-04T08:07:01Z">
      <class name="com.example.demo.Test01">
        <test-method status="PASS" signature="failedTest()[pri:0, instance:com.example.demo.Test01@4efbca5a]" name="failedTest" duration-ms="66" started-at="2019-07-04T16:07:01Z" description="侯征测试" finished-at="2019-07-04T16:07:01Z">
          <reporter-output>
          </reporter-output>
        </test-method> <!-- failedTest -->
      </class> <!-- com.example.demo.Test01 -->
    </test> <!-- Test01 -->
  </suite> <!-- Suite -->
</testng-results>
